<?xml version="1.0" encoding="UTF-8"?>
<testsuite xmlns:xsi="http://www.w3.org/2001/XMLSchema-instance" xsi:noNamespaceSchemaLocation="https://maven.apache.org/surefire/maven-surefire-plugin/xsd/surefire-test-report-3.0.xsd" version="3.0" name="com.think.health_first_server.HealthFirstServerApplicationTests" time="4.634" tests="1" errors="0" skipped="0" failures="0">
  <properties>
    <property name="java.specification.version" value="17"/>
    <property name="sun.jnu.encoding" value="UTF-8"/>
    <property name="java.class.path" value="/home/ttpl-lnv15-0224/projects/AI_Session/java-node-ai-suit-6/health-first-server/health-first-server/target/test-classes:/home/ttpl-lnv15-0224/projects/AI_Session/java-node-ai-suit-6/health-first-server/health-first-server/target/classes:/home/ttpl-lnv15-0224/.m2/repository/org/springframework/boot/spring-boot-starter-actuator/3.1.0/spring-boot-starter-actuator-3.1.0.jar:/home/ttpl-lnv15-0224/.m2/repository/org/springframework/boot/spring-boot-starter/3.1.0/spring-boot-starter-3.1.0.jar:/home/ttpl-lnv15-0224/.m2/repository/org/springframework/boot/spring-boot-starter-logging/3.1.0/spring-boot-starter-logging-3.1.0.jar:/home/ttpl-lnv15-0224/.m2/repository/ch/qos/logback/logback-classic/1.4.7/logback-classic-1.4.7.jar:/home/ttpl-lnv15-0224/.m2/repository/ch/qos/logback/logback-core/1.4.7/logback-core-1.4.7.jar:/home/ttpl-lnv15-0224/.m2/repository/org/apache/logging/log4j/log4j-to-slf4j/2.20.0/log4j-to-slf4j-2.20.0.jar:/home/ttpl-lnv15-0224/.m2/repository/org/apache/logging/log4j/log4j-api/2.20.0/log4j-api-2.20.0.jar:/home/ttpl-lnv15-0224/.m2/repository/org/slf4j/jul-to-slf4j/2.0.7/jul-to-slf4j-2.0.7.jar:/home/ttpl-lnv15-0224/.m2/repository/jakarta/annotation/jakarta.annotation-api/2.1.1/jakarta.annotation-api-2.1.1.jar:/home/ttpl-lnv15-0224/.m2/repository/org/yaml/snakeyaml/1.33/snakeyaml-1.33.jar:/home/ttpl-lnv15-0224/.m2/repository/org/springframework/boot/spring-boot-actuator-autoconfigure/3.1.0/spring-boot-actuator-autoconfigure-3.1.0.jar:/home/ttpl-lnv15-0224/.m2/repository/org/springframework/boot/spring-boot-actuator/3.1.0/spring-boot-actuator-3.1.0.jar:/home/ttpl-lnv15-0224/.m2/repository/com/fasterxml/jackson/datatype/jackson-datatype-jsr310/2.15.0/jackson-datatype-jsr310-2.15.0.jar:/home/ttpl-lnv15-0224/.m2/repository/io/micrometer/micrometer-observation/1.11.0/micrometer-observation-1.11.0.jar:/home/ttpl-lnv15-0224/.m2/repository/io/micrometer/micrometer-commons/1.11.0/micrometer-commons-1.11.0.jar:/home/ttpl-lnv15-0224/.m2/repository/io/micrometer/micrometer-core/1.11.0/micrometer-core-1.11.0.jar:/home/ttpl-lnv15-0224/.m2/repository/org/hdrhistogram/HdrHistogram/2.1.12/HdrHistogram-2.1.12.jar:/home/ttpl-lnv15-0224/.m2/repository/org/latencyutils/LatencyUtils/2.0.3/LatencyUtils-2.0.3.jar:/home/ttpl-lnv15-0224/.m2/repository/org/springframework/boot/spring-boot-starter-data-jpa/3.1.0/spring-boot-starter-data-jpa-3.1.0.jar:/home/ttpl-lnv15-0224/.m2/repository/org/springframework/boot/spring-boot-starter-aop/3.1.0/spring-boot-starter-aop-3.1.0.jar:/home/ttpl-lnv15-0224/.m2/repository/org/aspectj/aspectjweaver/1.9.19/aspectjweaver-1.9.19.jar:/home/ttpl-lnv15-0224/.m2/repository/org/springframework/boot/spring-boot-starter-jdbc/3.1.0/spring-boot-starter-jdbc-3.1.0.jar:/home/ttpl-lnv15-0224/.m2/repository/com/zaxxer/HikariCP/5.0.1/HikariCP-5.0.1.jar:/home/ttpl-lnv15-0224/.m2/repository/org/springframework/spring-jdbc/6.0.9/spring-jdbc-6.0.9.jar:/home/ttpl-lnv15-0224/.m2/repository/org/hibernate/orm/hibernate-core/6.2.2.Final/hibernate-core-6.2.2.Final.jar:/home/ttpl-lnv15-0224/.m2/repository/jakarta/persistence/jakarta.persistence-api/3.1.0/jakarta.persistence-api-3.1.0.jar:/home/ttpl-lnv15-0224/.m2/repository/jakarta/transaction/jakarta.transaction-api/2.0.1/jakarta.transaction-api-2.0.1.jar:/home/ttpl-lnv15-0224/.m2/repository/org/jboss/logging/jboss-logging/3.5.0.Final/jboss-logging-3.5.0.Final.jar:/home/ttpl-lnv15-0224/.m2/repository/org/hibernate/common/hibernate-commons-annotations/6.0.6.Final/hibernate-commons-annotations-6.0.6.Final.jar:/home/ttpl-lnv15-0224/.m2/repository/io/smallrye/jandex/3.0.5/jandex-3.0.5.jar:/home/ttpl-lnv15-0224/.m2/repository/com/fasterxml/classmate/1.5.1/classmate-1.5.1.jar:/home/ttpl-lnv15-0224/.m2/repository/net/bytebuddy/byte-buddy/1.14.4/byte-buddy-1.14.4.jar:/home/ttpl-lnv15-0224/.m2/repository/org/glassfish/jaxb/jaxb-runtime/4.0.2/jaxb-runtime-4.0.2.jar:/home/ttpl-lnv15-0224/.m2/repository/org/glassfish/jaxb/jaxb-core/4.0.2/jaxb-core-4.0.2.jar:/home/ttpl-lnv15-0224/.m2/repository/org/eclipse/angus/angus-activation/2.0.0/angus-activation-2.0.0.jar:/home/ttpl-lnv15-0224/.m2/repository/org/glassfish/jaxb/txw2/4.0.2/txw2-4.0.2.jar:/home/ttpl-lnv15-0224/.m2/repository/com/sun/istack/istack-commons-runtime/4.1.1/istack-commons-runtime-4.1.1.jar:/home/ttpl-lnv15-0224/.m2/repository/jakarta/inject/jakarta.inject-api/2.0.1/jakarta.inject-api-2.0.1.jar:/home/ttpl-lnv15-0224/.m2/repository/org/antlr/antlr4-runtime/4.10.1/antlr4-runtime-4.10.1.jar:/home/ttpl-lnv15-0224/.m2/repository/org/springframework/data/spring-data-jpa/3.1.0/spring-data-jpa-3.1.0.jar:/home/ttpl-lnv15-0224/.m2/repository/org/springframework/data/spring-data-commons/3.1.0/spring-data-commons-3.1.0.jar:/home/ttpl-lnv15-0224/.m2/repository/org/springframework/spring-orm/6.0.9/spring-orm-6.0.9.jar:/home/ttpl-lnv15-0224/.m2/repository/org/springframework/spring-context/6.0.9/spring-context-6.0.9.jar:/home/ttpl-lnv15-0224/.m2/repository/org/springframework/spring-tx/6.0.9/spring-tx-6.0.9.jar:/home/ttpl-lnv15-0224/.m2/repository/org/springframework/spring-beans/6.0.9/spring-beans-6.0.9.jar:/home/ttpl-lnv15-0224/.m2/repository/org/slf4j/slf4j-api/2.0.7/slf4j-api-2.0.7.jar:/home/ttpl-lnv15-0224/.m2/repository/org/springframework/spring-aspects/6.0.9/spring-aspects-6.0.9.jar:/home/ttpl-lnv15-0224/.m2/repository/org/springframework/boot/spring-boot-starter-web/3.1.0/spring-boot-starter-web-3.1.0.jar:/home/ttpl-lnv15-0224/.m2/repository/org/springframework/boot/spring-boot-starter-json/3.1.0/spring-boot-starter-json-3.1.0.jar:/home/ttpl-lnv15-0224/.m2/repository/com/fasterxml/jackson/datatype/jackson-datatype-jdk8/2.15.0/jackson-datatype-jdk8-2.15.0.jar:/home/ttpl-lnv15-0224/.m2/repository/com/fasterxml/jackson/module/jackson-module-parameter-names/2.15.0/jackson-module-parameter-names-2.15.0.jar:/home/ttpl-lnv15-0224/.m2/repository/org/springframework/boot/spring-boot-starter-tomcat/3.1.0/spring-boot-starter-tomcat-3.1.0.jar:/home/ttpl-lnv15-0224/.m2/repository/org/apache/tomcat/embed/tomcat-embed-core/10.1.8/tomcat-embed-core-10.1.8.jar:/home/ttpl-lnv15-0224/.m2/repository/org/apache/tomcat/embed/tomcat-embed-el/10.1.8/tomcat-embed-el-10.1.8.jar:/home/ttpl-lnv15-0224/.m2/repository/org/apache/tomcat/embed/tomcat-embed-websocket/10.1.8/tomcat-embed-websocket-10.1.8.jar:/home/ttpl-lnv15-0224/.m2/repository/org/springframework/spring-web/6.0.9/spring-web-6.0.9.jar:/home/ttpl-lnv15-0224/.m2/repository/org/springframework/spring-webmvc/6.0.9/spring-webmvc-6.0.9.jar:/home/ttpl-lnv15-0224/.m2/repository/org/springframework/spring-expression/6.0.9/spring-expression-6.0.9.jar:/home/ttpl-lnv15-0224/.m2/repository/org/springframework/boot/spring-boot-starter-security/3.1.0/spring-boot-starter-security-3.1.0.jar:/home/ttpl-lnv15-0224/.m2/repository/org/springframework/spring-aop/6.0.9/spring-aop-6.0.9.jar:/home/ttpl-lnv15-0224/.m2/repository/org/springframework/security/spring-security-config/6.1.0/spring-security-config-6.1.0.jar:/home/ttpl-lnv15-0224/.m2/repository/org/springframework/security/spring-security-core/6.1.0/spring-security-core-6.1.0.jar:/home/ttpl-lnv15-0224/.m2/repository/org/springframework/security/spring-security-web/6.1.0/spring-security-web-6.1.0.jar:/home/ttpl-lnv15-0224/.m2/repository/org/springframework/boot/spring-boot-devtools/3.1.0/spring-boot-devtools-3.1.0.jar:/home/ttpl-lnv15-0224/.m2/repository/org/springframework/boot/spring-boot/3.1.0/spring-boot-3.1.0.jar:/home/ttpl-lnv15-0224/.m2/repository/org/springframework/boot/spring-boot-autoconfigure/3.1.0/spring-boot-autoconfigure-3.1.0.jar:/home/ttpl-lnv15-0224/.m2/repository/org/postgresql/postgresql/42.6.0/postgresql-42.6.0.jar:/home/ttpl-lnv15-0224/.m2/repository/org/checkerframework/checker-qual/3.31.0/checker-qual-3.31.0.jar:/home/ttpl-lnv15-0224/.m2/repository/org/springframework/boot/spring-boot-starter-test/3.1.0/spring-boot-starter-test-3.1.0.jar:/home/ttpl-lnv15-0224/.m2/repository/org/springframework/boot/spring-boot-test/3.1.0/spring-boot-test-3.1.0.jar:/home/ttpl-lnv15-0224/.m2/repository/org/springframework/boot/spring-boot-test-autoconfigure/3.1.0/spring-boot-test-autoconfigure-3.1.0.jar:/home/ttpl-lnv15-0224/.m2/repository/com/jayway/jsonpath/json-path/2.8.0/json-path-2.8.0.jar:/home/ttpl-lnv15-0224/.m2/repository/jakarta/xml/bind/jakarta.xml.bind-api/4.0.0/jakarta.xml.bind-api-4.0.0.jar:/home/ttpl-lnv15-0224/.m2/repository/jakarta/activation/jakarta.activation-api/2.1.2/jakarta.activation-api-2.1.2.jar:/home/ttpl-lnv15-0224/.m2/repository/net/minidev/json-smart/2.4.10/json-smart-2.4.10.jar:/home/ttpl-lnv15-0224/.m2/repository/net/minidev/accessors-smart/2.4.9/accessors-smart-2.4.9.jar:/home/ttpl-lnv15-0224/.m2/repository/org/ow2/asm/asm/9.3/asm-9.3.jar:/home/ttpl-lnv15-0224/.m2/repository/org/assertj/assertj-core/3.24.2/assertj-core-3.24.2.jar:/home/ttpl-lnv15-0224/.m2/repository/org/hamcrest/hamcrest/2.2/hamcrest-2.2.jar:/home/ttpl-lnv15-0224/.m2/repository/org/junit/jupiter/junit-jupiter/5.9.3/junit-jupiter-5.9.3.jar:/home/ttpl-lnv15-0224/.m2/repository/org/junit/jupiter/junit-jupiter-api/5.9.3/junit-jupiter-api-5.9.3.jar:/home/ttpl-lnv15-0224/.m2/repository/org/opentest4j/opentest4j/1.2.0/opentest4j-1.2.0.jar:/home/ttpl-lnv15-0224/.m2/repository/org/junit/platform/junit-platform-commons/1.9.3/junit-platform-commons-1.9.3.jar:/home/ttpl-lnv15-0224/.m2/repository/org/apiguardian/apiguardian-api/1.1.2/apiguardian-api-1.1.2.jar:/home/ttpl-lnv15-0224/.m2/repository/org/junit/jupiter/junit-jupiter-params/5.9.3/junit-jupiter-params-5.9.3.jar:/home/ttpl-lnv15-0224/.m2/repository/org/junit/jupiter/junit-jupiter-engine/5.9.3/junit-jupiter-engine-5.9.3.jar:/home/ttpl-lnv15-0224/.m2/repository/org/junit/platform/junit-platform-engine/1.9.3/junit-platform-engine-1.9.3.jar:/home/ttpl-lnv15-0224/.m2/repository/org/mockito/mockito-core/5.3.1/mockito-core-5.3.1.jar:/home/ttpl-lnv15-0224/.m2/repository/net/bytebuddy/byte-buddy-agent/1.14.4/byte-buddy-agent-1.14.4.jar:/home/ttpl-lnv15-0224/.m2/repository/org/objenesis/objenesis/3.3/objenesis-3.3.jar:/home/ttpl-lnv15-0224/.m2/repository/org/mockito/mockito-junit-jupiter/5.3.1/mockito-junit-jupiter-5.3.1.jar:/home/ttpl-lnv15-0224/.m2/repository/org/skyscreamer/jsonassert/1.5.1/jsonassert-1.5.1.jar:/home/ttpl-lnv15-0224/.m2/repository/com/vaadin/external/google/android-json/0.0.20131108.vaadin1/android-json-0.0.20131108.vaadin1.jar:/home/ttpl-lnv15-0224/.m2/repository/org/springframework/spring-core/6.0.9/spring-core-6.0.9.jar:/home/ttpl-lnv15-0224/.m2/repository/org/springframework/spring-jcl/6.0.9/spring-jcl-6.0.9.jar:/home/ttpl-lnv15-0224/.m2/repository/org/springframework/spring-test/6.0.9/spring-test-6.0.9.jar:/home/ttpl-lnv15-0224/.m2/repository/org/xmlunit/xmlunit-core/2.9.1/xmlunit-core-2.9.1.jar:/home/ttpl-lnv15-0224/.m2/repository/io/jsonwebtoken/jjwt-api/0.11.5/jjwt-api-0.11.5.jar:/home/ttpl-lnv15-0224/.m2/repository/io/jsonwebtoken/jjwt-impl/0.11.5/jjwt-impl-0.11.5.jar:/home/ttpl-lnv15-0224/.m2/repository/io/jsonwebtoken/jjwt-jackson/0.11.5/jjwt-jackson-0.11.5.jar:/home/ttpl-lnv15-0224/.m2/repository/com/fasterxml/jackson/core/jackson-databind/2.15.0/jackson-databind-2.15.0.jar:/home/ttpl-lnv15-0224/.m2/repository/com/fasterxml/jackson/core/jackson-annotations/2.15.0/jackson-annotations-2.15.0.jar:/home/ttpl-lnv15-0224/.m2/repository/com/fasterxml/jackson/core/jackson-core/2.15.0/jackson-core-2.15.0.jar:/home/ttpl-lnv15-0224/.m2/repository/jakarta/validation/jakarta.validation-api/3.0.2/jakarta.validation-api-3.0.2.jar:/home/ttpl-lnv15-0224/.m2/repository/org/springframework/security/spring-security-crypto/6.1.0/spring-security-crypto-6.1.0.jar:/home/ttpl-lnv15-0224/.m2/repository/org/projectlombok/lombok/1.18.26/lombok-1.18.26.jar:/home/ttpl-lnv15-0224/.m2/repository/org/springdoc/springdoc-openapi-starter-webmvc-ui/2.5.0/springdoc-openapi-starter-webmvc-ui-2.5.0.jar:/home/ttpl-lnv15-0224/.m2/repository/org/springdoc/springdoc-openapi-starter-webmvc-api/2.5.0/springdoc-openapi-starter-webmvc-api-2.5.0.jar:/home/ttpl-lnv15-0224/.m2/repository/org/springdoc/springdoc-openapi-starter-common/2.5.0/springdoc-openapi-starter-common-2.5.0.jar:/home/ttpl-lnv15-0224/.m2/repository/io/swagger/core/v3/swagger-core-jakarta/2.2.21/swagger-core-jakarta-2.2.21.jar:/home/ttpl-lnv15-0224/.m2/repository/org/apache/commons/commons-lang3/3.12.0/commons-lang3-3.12.0.jar:/home/ttpl-lnv15-0224/.m2/repository/io/swagger/core/v3/swagger-annotations-jakarta/2.2.21/swagger-annotations-jakarta-2.2.21.jar:/home/ttpl-lnv15-0224/.m2/repository/io/swagger/core/v3/swagger-models-jakarta/2.2.21/swagger-models-jakarta-2.2.21.jar:/home/ttpl-lnv15-0224/.m2/repository/com/fasterxml/jackson/dataformat/jackson-dataformat-yaml/2.15.0/jackson-dataformat-yaml-2.15.0.jar:/home/ttpl-lnv15-0224/.m2/repository/org/webjars/swagger-ui/5.13.0/swagger-ui-5.13.0.jar:"/>
    <property name="java.vm.vendor" value="Ubuntu"/>
    <property name="sun.arch.data.model" value="64"/>
    <property name="java.vendor.url" value="https://ubuntu.com/"/>
    <property name="user.timezone" value="Asia/Kolkata"/>
    <property name="org.jboss.logging.provider" value="slf4j"/>
    <property name="os.name" value="Linux"/>
    <property name="java.vm.specification.version" value="17"/>
    <property name="sun.java.launcher" value="SUN_STANDARD"/>
    <property name="user.country" value="IN"/>
    <property name="sun.boot.library.path" value="/usr/lib/jvm/java-17-openjdk-amd64/lib"/>
    <property name="sun.java.command" value="/home/ttpl-lnv15-0224/projects/AI_Session/java-node-ai-suit-6/health-first-server/health-first-server/target/surefire/surefirebooter-20250808123511314_3.jar /home/ttpl-lnv15-0224/projects/AI_Session/java-node-ai-suit-6/health-first-server/health-first-server/target/surefire 2025-08-08T12-35-11_241-jvmRun1 surefire-20250808123511314_1tmp surefire_0-20250808123511314_2tmp"/>
    <property name="jdk.debug" value="release"/>
    <property name="surefire.test.class.path" value="/home/ttpl-lnv15-0224/projects/AI_Session/java-node-ai-suit-6/health-first-server/health-first-server/target/test-classes:/home/ttpl-lnv15-0224/projects/AI_Session/java-node-ai-suit-6/health-first-server/health-first-server/target/classes:/home/ttpl-lnv15-0224/.m2/repository/org/springframework/boot/spring-boot-starter-actuator/3.1.0/spring-boot-starter-actuator-3.1.0.jar:/home/ttpl-lnv15-0224/.m2/repository/org/springframework/boot/spring-boot-starter/3.1.0/spring-boot-starter-3.1.0.jar:/home/ttpl-lnv15-0224/.m2/repository/org/springframework/boot/spring-boot-starter-logging/3.1.0/spring-boot-starter-logging-3.1.0.jar:/home/ttpl-lnv15-0224/.m2/repository/ch/qos/logback/logback-classic/1.4.7/logback-classic-1.4.7.jar:/home/ttpl-lnv15-0224/.m2/repository/ch/qos/logback/logback-core/1.4.7/logback-core-1.4.7.jar:/home/ttpl-lnv15-0224/.m2/repository/org/apache/logging/log4j/log4j-to-slf4j/2.20.0/log4j-to-slf4j-2.20.0.jar:/home/ttpl-lnv15-0224/.m2/repository/org/apache/logging/log4j/log4j-api/2.20.0/log4j-api-2.20.0.jar:/home/ttpl-lnv15-0224/.m2/repository/org/slf4j/jul-to-slf4j/2.0.7/jul-to-slf4j-2.0.7.jar:/home/ttpl-lnv15-0224/.m2/repository/jakarta/annotation/jakarta.annotation-api/2.1.1/jakarta.annotation-api-2.1.1.jar:/home/ttpl-lnv15-0224/.m2/repository/org/yaml/snakeyaml/1.33/snakeyaml-1.33.jar:/home/ttpl-lnv15-0224/.m2/repository/org/springframework/boot/spring-boot-actuator-autoconfigure/3.1.0/spring-boot-actuator-autoconfigure-3.1.0.jar:/home/ttpl-lnv15-0224/.m2/repository/org/springframework/boot/spring-boot-actuator/3.1.0/spring-boot-actuator-3.1.0.jar:/home/ttpl-lnv15-0224/.m2/repository/com/fasterxml/jackson/datatype/jackson-datatype-jsr310/2.15.0/jackson-datatype-jsr310-2.15.0.jar:/home/ttpl-lnv15-0224/.m2/repository/io/micrometer/micrometer-observation/1.11.0/micrometer-observation-1.11.0.jar:/home/ttpl-lnv15-0224/.m2/repository/io/micrometer/micrometer-commons/1.11.0/micrometer-commons-1.11.0.jar:/home/ttpl-lnv15-0224/.m2/repository/io/micrometer/micrometer-core/1.11.0/micrometer-core-1.11.0.jar:/home/ttpl-lnv15-0224/.m2/repository/org/hdrhistogram/HdrHistogram/2.1.12/HdrHistogram-2.1.12.jar:/home/ttpl-lnv15-0224/.m2/repository/org/latencyutils/LatencyUtils/2.0.3/LatencyUtils-2.0.3.jar:/home/ttpl-lnv15-0224/.m2/repository/org/springframework/boot/spring-boot-starter-data-jpa/3.1.0/spring-boot-starter-data-jpa-3.1.0.jar:/home/ttpl-lnv15-0224/.m2/repository/org/springframework/boot/spring-boot-starter-aop/3.1.0/spring-boot-starter-aop-3.1.0.jar:/home/ttpl-lnv15-0224/.m2/repository/org/aspectj/aspectjweaver/1.9.19/aspectjweaver-1.9.19.jar:/home/ttpl-lnv15-0224/.m2/repository/org/springframework/boot/spring-boot-starter-jdbc/3.1.0/spring-boot-starter-jdbc-3.1.0.jar:/home/ttpl-lnv15-0224/.m2/repository/com/zaxxer/HikariCP/5.0.1/HikariCP-5.0.1.jar:/home/ttpl-lnv15-0224/.m2/repository/org/springframework/spring-jdbc/6.0.9/spring-jdbc-6.0.9.jar:/home/ttpl-lnv15-0224/.m2/repository/org/hibernate/orm/hibernate-core/6.2.2.Final/hibernate-core-6.2.2.Final.jar:/home/ttpl-lnv15-0224/.m2/repository/jakarta/persistence/jakarta.persistence-api/3.1.0/jakarta.persistence-api-3.1.0.jar:/home/ttpl-lnv15-0224/.m2/repository/jakarta/transaction/jakarta.transaction-api/2.0.1/jakarta.transaction-api-2.0.1.jar:/home/ttpl-lnv15-0224/.m2/repository/org/jboss/logging/jboss-logging/3.5.0.Final/jboss-logging-3.5.0.Final.jar:/home/ttpl-lnv15-0224/.m2/repository/org/hibernate/common/hibernate-commons-annotations/6.0.6.Final/hibernate-commons-annotations-6.0.6.Final.jar:/home/ttpl-lnv15-0224/.m2/repository/io/smallrye/jandex/3.0.5/jandex-3.0.5.jar:/home/ttpl-lnv15-0224/.m2/repository/com/fasterxml/classmate/1.5.1/classmate-1.5.1.jar:/home/ttpl-lnv15-0224/.m2/repository/net/bytebuddy/byte-buddy/1.14.4/byte-buddy-1.14.4.jar:/home/ttpl-lnv15-0224/.m2/repository/org/glassfish/jaxb/jaxb-runtime/4.0.2/jaxb-runtime-4.0.2.jar:/home/ttpl-lnv15-0224/.m2/repository/org/glassfish/jaxb/jaxb-core/4.0.2/jaxb-core-4.0.2.jar:/home/ttpl-lnv15-0224/.m2/repository/org/eclipse/angus/angus-activation/2.0.0/angus-activation-2.0.0.jar:/home/ttpl-lnv15-0224/.m2/repository/org/glassfish/jaxb/txw2/4.0.2/txw2-4.0.2.jar:/home/ttpl-lnv15-0224/.m2/repository/com/sun/istack/istack-commons-runtime/4.1.1/istack-commons-runtime-4.1.1.jar:/home/ttpl-lnv15-0224/.m2/repository/jakarta/inject/jakarta.inject-api/2.0.1/jakarta.inject-api-2.0.1.jar:/home/ttpl-lnv15-0224/.m2/repository/org/antlr/antlr4-runtime/4.10.1/antlr4-runtime-4.10.1.jar:/home/ttpl-lnv15-0224/.m2/repository/org/springframework/data/spring-data-jpa/3.1.0/spring-data-jpa-3.1.0.jar:/home/ttpl-lnv15-0224/.m2/repository/org/springframework/data/spring-data-commons/3.1.0/spring-data-commons-3.1.0.jar:/home/ttpl-lnv15-0224/.m2/repository/org/springframework/spring-orm/6.0.9/spring-orm-6.0.9.jar:/home/ttpl-lnv15-0224/.m2/repository/org/springframework/spring-context/6.0.9/spring-context-6.0.9.jar:/home/ttpl-lnv15-0224/.m2/repository/org/springframework/spring-tx/6.0.9/spring-tx-6.0.9.jar:/home/ttpl-lnv15-0224/.m2/repository/org/springframework/spring-beans/6.0.9/spring-beans-6.0.9.jar:/home/ttpl-lnv15-0224/.m2/repository/org/slf4j/slf4j-api/2.0.7/slf4j-api-2.0.7.jar:/home/ttpl-lnv15-0224/.m2/repository/org/springframework/spring-aspects/6.0.9/spring-aspects-6.0.9.jar:/home/ttpl-lnv15-0224/.m2/repository/org/springframework/boot/spring-boot-starter-web/3.1.0/spring-boot-starter-web-3.1.0.jar:/home/ttpl-lnv15-0224/.m2/repository/org/springframework/boot/spring-boot-starter-json/3.1.0/spring-boot-starter-json-3.1.0.jar:/home/ttpl-lnv15-0224/.m2/repository/com/fasterxml/jackson/datatype/jackson-datatype-jdk8/2.15.0/jackson-datatype-jdk8-2.15.0.jar:/home/ttpl-lnv15-0224/.m2/repository/com/fasterxml/jackson/module/jackson-module-parameter-names/2.15.0/jackson-module-parameter-names-2.15.0.jar:/home/ttpl-lnv15-0224/.m2/repository/org/springframework/boot/spring-boot-starter-tomcat/3.1.0/spring-boot-starter-tomcat-3.1.0.jar:/home/ttpl-lnv15-0224/.m2/repository/org/apache/tomcat/embed/tomcat-embed-core/10.1.8/tomcat-embed-core-10.1.8.jar:/home/ttpl-lnv15-0224/.m2/repository/org/apache/tomcat/embed/tomcat-embed-el/10.1.8/tomcat-embed-el-10.1.8.jar:/home/ttpl-lnv15-0224/.m2/repository/org/apache/tomcat/embed/tomcat-embed-websocket/10.1.8/tomcat-embed-websocket-10.1.8.jar:/home/ttpl-lnv15-0224/.m2/repository/org/springframework/spring-web/6.0.9/spring-web-6.0.9.jar:/home/ttpl-lnv15-0224/.m2/repository/org/springframework/spring-webmvc/6.0.9/spring-webmvc-6.0.9.jar:/home/ttpl-lnv15-0224/.m2/repository/org/springframework/spring-expression/6.0.9/spring-expression-6.0.9.jar:/home/ttpl-lnv15-0224/.m2/repository/org/springframework/boot/spring-boot-starter-security/3.1.0/spring-boot-starter-security-3.1.0.jar:/home/ttpl-lnv15-0224/.m2/repository/org/springframework/spring-aop/6.0.9/spring-aop-6.0.9.jar:/home/ttpl-lnv15-0224/.m2/repository/org/springframework/security/spring-security-config/6.1.0/spring-security-config-6.1.0.jar:/home/ttpl-lnv15-0224/.m2/repository/org/springframework/security/spring-security-core/6.1.0/spring-security-core-6.1.0.jar:/home/ttpl-lnv15-0224/.m2/repository/org/springframework/security/spring-security-web/6.1.0/spring-security-web-6.1.0.jar:/home/ttpl-lnv15-0224/.m2/repository/org/springframework/boot/spring-boot-devtools/3.1.0/spring-boot-devtools-3.1.0.jar:/home/ttpl-lnv15-0224/.m2/repository/org/springframework/boot/spring-boot/3.1.0/spring-boot-3.1.0.jar:/home/ttpl-lnv15-0224/.m2/repository/org/springframework/boot/spring-boot-autoconfigure/3.1.0/spring-boot-autoconfigure-3.1.0.jar:/home/ttpl-lnv15-0224/.m2/repository/org/postgresql/postgresql/42.6.0/postgresql-42.6.0.jar:/home/ttpl-lnv15-0224/.m2/repository/org/checkerframework/checker-qual/3.31.0/checker-qual-3.31.0.jar:/home/ttpl-lnv15-0224/.m2/repository/org/springframework/boot/spring-boot-starter-test/3.1.0/spring-boot-starter-test-3.1.0.jar:/home/ttpl-lnv15-0224/.m2/repository/org/springframework/boot/spring-boot-test/3.1.0/spring-boot-test-3.1.0.jar:/home/ttpl-lnv15-0224/.m2/repository/org/springframework/boot/spring-boot-test-autoconfigure/3.1.0/spring-boot-test-autoconfigure-3.1.0.jar:/home/ttpl-lnv15-0224/.m2/repository/com/jayway/jsonpath/json-path/2.8.0/json-path-2.8.0.jar:/home/ttpl-lnv15-0224/.m2/repository/jakarta/xml/bind/jakarta.xml.bind-api/4.0.0/jakarta.xml.bind-api-4.0.0.jar:/home/ttpl-lnv15-0224/.m2/repository/jakarta/activation/jakarta.activation-api/2.1.2/jakarta.activation-api-2.1.2.jar:/home/ttpl-lnv15-0224/.m2/repository/net/minidev/json-smart/2.4.10/json-smart-2.4.10.jar:/home/ttpl-lnv15-0224/.m2/repository/net/minidev/accessors-smart/2.4.9/accessors-smart-2.4.9.jar:/home/ttpl-lnv15-0224/.m2/repository/org/ow2/asm/asm/9.3/asm-9.3.jar:/home/ttpl-lnv15-0224/.m2/repository/org/assertj/assertj-core/3.24.2/assertj-core-3.24.2.jar:/home/ttpl-lnv15-0224/.m2/repository/org/hamcrest/hamcrest/2.2/hamcrest-2.2.jar:/home/ttpl-lnv15-0224/.m2/repository/org/junit/jupiter/junit-jupiter/5.9.3/junit-jupiter-5.9.3.jar:/home/ttpl-lnv15-0224/.m2/repository/org/junit/jupiter/junit-jupiter-api/5.9.3/junit-jupiter-api-5.9.3.jar:/home/ttpl-lnv15-0224/.m2/repository/org/opentest4j/opentest4j/1.2.0/opentest4j-1.2.0.jar:/home/ttpl-lnv15-0224/.m2/repository/org/junit/platform/junit-platform-commons/1.9.3/junit-platform-commons-1.9.3.jar:/home/ttpl-lnv15-0224/.m2/repository/org/apiguardian/apiguardian-api/1.1.2/apiguardian-api-1.1.2.jar:/home/ttpl-lnv15-0224/.m2/repository/org/junit/jupiter/junit-jupiter-params/5.9.3/junit-jupiter-params-5.9.3.jar:/home/ttpl-lnv15-0224/.m2/repository/org/junit/jupiter/junit-jupiter-engine/5.9.3/junit-jupiter-engine-5.9.3.jar:/home/ttpl-lnv15-0224/.m2/repository/org/junit/platform/junit-platform-engine/1.9.3/junit-platform-engine-1.9.3.jar:/home/ttpl-lnv15-0224/.m2/repository/org/mockito/mockito-core/5.3.1/mockito-core-5.3.1.jar:/home/ttpl-lnv15-0224/.m2/repository/net/bytebuddy/byte-buddy-agent/1.14.4/byte-buddy-agent-1.14.4.jar:/home/ttpl-lnv15-0224/.m2/repository/org/objenesis/objenesis/3.3/objenesis-3.3.jar:/home/ttpl-lnv15-0224/.m2/repository/org/mockito/mockito-junit-jupiter/5.3.1/mockito-junit-jupiter-5.3.1.jar:/home/ttpl-lnv15-0224/.m2/repository/org/skyscreamer/jsonassert/1.5.1/jsonassert-1.5.1.jar:/home/ttpl-lnv15-0224/.m2/repository/com/vaadin/external/google/android-json/0.0.20131108.vaadin1/android-json-0.0.20131108.vaadin1.jar:/home/ttpl-lnv15-0224/.m2/repository/org/springframework/spring-core/6.0.9/spring-core-6.0.9.jar:/home/ttpl-lnv15-0224/.m2/repository/org/springframework/spring-jcl/6.0.9/spring-jcl-6.0.9.jar:/home/ttpl-lnv15-0224/.m2/repository/org/springframework/spring-test/6.0.9/spring-test-6.0.9.jar:/home/ttpl-lnv15-0224/.m2/repository/org/xmlunit/xmlunit-core/2.9.1/xmlunit-core-2.9.1.jar:/home/ttpl-lnv15-0224/.m2/repository/io/jsonwebtoken/jjwt-api/0.11.5/jjwt-api-0.11.5.jar:/home/ttpl-lnv15-0224/.m2/repository/io/jsonwebtoken/jjwt-impl/0.11.5/jjwt-impl-0.11.5.jar:/home/ttpl-lnv15-0224/.m2/repository/io/jsonwebtoken/jjwt-jackson/0.11.5/jjwt-jackson-0.11.5.jar:/home/ttpl-lnv15-0224/.m2/repository/com/fasterxml/jackson/core/jackson-databind/2.15.0/jackson-databind-2.15.0.jar:/home/ttpl-lnv15-0224/.m2/repository/com/fasterxml/jackson/core/jackson-annotations/2.15.0/jackson-annotations-2.15.0.jar:/home/ttpl-lnv15-0224/.m2/repository/com/fasterxml/jackson/core/jackson-core/2.15.0/jackson-core-2.15.0.jar:/home/ttpl-lnv15-0224/.m2/repository/jakarta/validation/jakarta.validation-api/3.0.2/jakarta.validation-api-3.0.2.jar:/home/ttpl-lnv15-0224/.m2/repository/org/springframework/security/spring-security-crypto/6.1.0/spring-security-crypto-6.1.0.jar:/home/ttpl-lnv15-0224/.m2/repository/org/projectlombok/lombok/1.18.26/lombok-1.18.26.jar:/home/ttpl-lnv15-0224/.m2/repository/org/springdoc/springdoc-openapi-starter-webmvc-ui/2.5.0/springdoc-openapi-starter-webmvc-ui-2.5.0.jar:/home/ttpl-lnv15-0224/.m2/repository/org/springdoc/springdoc-openapi-starter-webmvc-api/2.5.0/springdoc-openapi-starter-webmvc-api-2.5.0.jar:/home/ttpl-lnv15-0224/.m2/repository/org/springdoc/springdoc-openapi-starter-common/2.5.0/springdoc-openapi-starter-common-2.5.0.jar:/home/ttpl-lnv15-0224/.m2/repository/io/swagger/core/v3/swagger-core-jakarta/2.2.21/swagger-core-jakarta-2.2.21.jar:/home/ttpl-lnv15-0224/.m2/repository/org/apache/commons/commons-lang3/3.12.0/commons-lang3-3.12.0.jar:/home/ttpl-lnv15-0224/.m2/repository/io/swagger/core/v3/swagger-annotations-jakarta/2.2.21/swagger-annotations-jakarta-2.2.21.jar:/home/ttpl-lnv15-0224/.m2/repository/io/swagger/core/v3/swagger-models-jakarta/2.2.21/swagger-models-jakarta-2.2.21.jar:/home/ttpl-lnv15-0224/.m2/repository/com/fasterxml/jackson/dataformat/jackson-dataformat-yaml/2.15.0/jackson-dataformat-yaml-2.15.0.jar:/home/ttpl-lnv15-0224/.m2/repository/org/webjars/swagger-ui/5.13.0/swagger-ui-5.13.0.jar:"/>
    <property name="sun.cpu.endian" value="little"/>
    <property name="user.home" value="/home/ttpl-lnv15-0224"/>
    <property name="user.language" value="en"/>
    <property name="java.specification.vendor" value="Oracle Corporation"/>
    <property name="java.version.date" value="2025-04-15"/>
    <property name="java.home" value="/usr/lib/jvm/java-17-openjdk-amd64"/>
    <property name="file.separator" value="/"/>
    <property name="basedir" value="/home/ttpl-lnv15-0224/projects/AI_Session/java-node-ai-suit-6/health-first-server/health-first-server"/>
    <property name="java.vm.compressedOopsMode" value="Zero based"/>
    <property name="line.separator" value="&#10;"/>
    <property name="java.specification.name" value="Java Platform API Specification"/>
    <property name="java.vm.specification.vendor" value="Oracle Corporation"/>
    <property name="FILE_LOG_CHARSET" value="UTF-8"/>
    <property name="java.awt.headless" value="true"/>
    <property name="surefire.real.class.path" value="/home/ttpl-lnv15-0224/projects/AI_Session/java-node-ai-suit-6/health-first-server/health-first-server/target/surefire/surefirebooter-20250808123511314_3.jar"/>
    <property name="sun.management.compiler" value="HotSpot 64-Bit Tiered Compilers"/>
    <property name="java.runtime.version" value="17.0.15+6-Ubuntu-0ubuntu122.04"/>
    <property name="user.name" value="ttpl-lnv15-0224"/>
    <property name="path.separator" value=":"/>
    <property name="os.version" value="6.8.0-60-generic"/>
    <property name="java.runtime.name" value="OpenJDK Runtime Environment"/>
    <property name="file.encoding" value="UTF-8"/>
    <property name="java.vm.name" value="OpenJDK 64-Bit Server VM"/>
    <property name="localRepository" value="/home/ttpl-lnv15-0224/.m2/repository"/>
    <property name="java.vendor.url.bug" value="https://bugs.launchpad.net/ubuntu/+source/openjdk-17"/>
    <property name="java.io.tmpdir" value="/tmp"/>
    <property name="idea.version" value="2024.1.7"/>
    <property name="com.zaxxer.hikari.pool_number" value="1"/>
    <property name="java.version" value="17.0.15"/>
    <property name="user.dir" value="/home/ttpl-lnv15-0224/projects/AI_Session/java-node-ai-suit-6/health-first-server/health-first-server"/>
    <property name="os.arch" value="amd64"/>
    <property name="java.vm.specification.name" value="Java Virtual Machine Specification"/>
    <property name="PID" value="397154"/>
    <property name="CONSOLE_LOG_CHARSET" value="UTF-8"/>
    <property name="native.encoding" value="UTF-8"/>
    <property name="java.library.path" value="/usr/java/packages/lib:/usr/lib/x86_64-linux-gnu/jni:/lib/x86_64-linux-gnu:/usr/lib/x86_64-linux-gnu:/usr/lib/jni:/lib:/usr/lib"/>
    <property name="java.vm.info" value="mixed mode, sharing"/>
    <property name="java.vendor" value="Ubuntu"/>
    <property name="java.vm.version" value="17.0.15+6-Ubuntu-0ubuntu122.04"/>
    <property name="java.specification.maintenance.version" value="1"/>
    <property name="sun.io.unicode.encoding" value="UnicodeLittle"/>
    <property name="java.class.version" value="61.0"/>
  </properties>
  <testcase name="contextLoads" classname="com.think.health_first_server.HealthFirstServerApplicationTests" time="0.439">
    <system-out><![CDATA[12:35:11.766 [main] INFO org.springframework.test.context.support.AnnotationConfigContextLoaderUtils -- Could not detect default configuration classes for test class [com.think.health_first_server.HealthFirstServerApplicationTests]: HealthFirstServerApplicationTests does not declare any static, non-private, non-final, nested classes annotated with @Configuration.
12:35:11.825 [main] INFO org.springframework.boot.test.context.SpringBootTestContextBootstrapper -- Found @SpringBootConfiguration com.think.health_first_server.HealthFirstServerApplication for test class com.think.health_first_server.HealthFirstServerApplicationTests

  .   ____          _            __ _ _
 /\\ / ___'_ __ _ _(_)_ __  __ _ \ \ \ \
( ( )\___ | '_ | '_| | '_ \/ _` | \ \ \ \
 \\/  ___)| |_)| | | | | || (_| |  ) ) ) )
  '  |____| .__|_| |_|_| |_\__, | / / / /
 =========|_|==============|___/=/_/_/_/
 :: Spring Boot ::                (v3.1.0)

2025-08-08T12:35:12.095+05:30  INFO 397154 --- [           main] c.t.h.HealthFirstServerApplicationTests  : Starting HealthFirstServerApplicationTests using Java 17.0.15 with PID 397154 (started by ttpl-lnv15-0224 in /home/ttpl-lnv15-0224/projects/AI_Session/java-node-ai-suit-6/health-first-server/health-first-server)
2025-08-08T12:35:12.096+05:30  INFO 397154 --- [           main] c.t.h.HealthFirstServerApplicationTests  : No active profile set, falling back to 1 default profile: "default"
2025-08-08T12:35:12.869+05:30  INFO 397154 --- [           main] .s.d.r.c.RepositoryConfigurationDelegate : Bootstrapping Spring Data JPA repositories in DEFAULT mode.
2025-08-08T12:35:12.909+05:30  INFO 397154 --- [           main] .s.d.r.c.RepositoryConfigurationDelegate : Finished Spring Data repository scanning in 32 ms. Found 3 JPA repository interfaces.
2025-08-08T12:35:13.283+05:30  INFO 397154 --- [           main] o.hibernate.jpa.internal.util.LogHelper  : HHH000204: Processing PersistenceUnitInfo [name: default]
2025-08-08T12:35:13.326+05:30  INFO 397154 --- [           main] org.hibernate.Version                    : HHH000412: Hibernate ORM core version 6.2.2.Final
2025-08-08T12:35:13.328+05:30  INFO 397154 --- [           main] org.hibernate.cfg.Environment            : HHH000406: Using bytecode reflection optimizer
2025-08-08T12:35:13.439+05:30  INFO 397154 --- [           main] o.h.b.i.BytecodeProviderInitiator        : HHH000021: Bytecode provider name : bytebuddy
2025-08-08T12:35:13.543+05:30  INFO 397154 --- [           main] o.s.o.j.p.SpringPersistenceUnitInfo      : No LoadTimeWeaver setup: ignoring JPA class transformer
2025-08-08T12:35:13.557+05:30  INFO 397154 --- [           main] com.zaxxer.hikari.HikariDataSource       : HikariPool-1 - Starting...
2025-08-08T12:35:13.743+05:30  INFO 397154 --- [           main] com.zaxxer.hikari.pool.HikariPool        : HikariPool-1 - Added connection org.postgresql.jdbc.PgConnection@305e95a4
2025-08-08T12:35:13.745+05:30  INFO 397154 --- [           main] com.zaxxer.hikari.HikariDataSource       : HikariPool-1 - Start completed.
2025-08-08T12:35:13.783+05:30  INFO 397154 --- [           main] org.hibernate.orm.dialect                : HHH035001: Using dialect: org.hibernate.dialect.PostgreSQLDialect, version: org.hibernate.engine.jdbc.env.internal.JdbcEnvironmentInitiator$DialectResolutionInfoImpl@10f20d38
2025-08-08T12:35:13.978+05:30  INFO 397154 --- [           main] o.h.b.i.BytecodeProviderInitiator        : HHH000021: Bytecode provider name : bytebuddy
2025-08-08T12:35:14.407+05:30  INFO 397154 --- [           main] o.h.e.t.j.p.i.JtaPlatformInitiator       : HHH000490: Using JtaPlatform implementation: [org.hibernate.engine.transaction.jta.platform.internal.NoJtaPlatform]
Hibernate: 
    create table patient_medical_history (
        patient_id uuid not null,
        medical_history varchar(255)
    )
Hibernate: 
    create table patients (
        id uuid not null,
        city varchar(255),
        state varchar(255),
        street varchar(255),
        zip varchar(255),
        created_at timestamp(6),
        date_of_birth date,
        email varchar(255),
        email_verified boolean not null,
        name varchar(255),
        phone varchar(255),
        relationship varchar(255),
        first_name varchar(255),
        gender varchar(255) check (gender in ('MALE','FEMALE','OTHER','PREFER_NOT_TO_SAY')),
        policy_number varchar(255),
        provider varchar(255),
        is_active boolean not null,
        last_name varchar(255),
        password_hash varchar(255),
        phone_number varchar(255),
        phone_verified boolean not null,
        updated_at timestamp(6),
        primary key (id)
    )
Hibernate: 
    create table provider_availability (
        id uuid not null,
        appointment_type varchar(255),
        base_fee float(53),
        break_duration integer not null,
        created_at timestamp(6),
        currency varchar(255),
        current_appointments integer not null,
        date date,
        end_time time(6),
        insurance_accepted boolean,
        is_recurring boolean not null,
        location_address varchar(255),
        location_type varchar(255),
        max_appointments_per_slot integer not null,
        notes varchar(255),
        recurrence_end_date date,
        recurrence_pattern varchar(255),
        room_number varchar(255),
        slot_duration integer not null,
        special_requirements varchar(255),
        start_time time(6),
        status varchar(255),
        timezone varchar(255),
        updated_at timestamp(6),
        provider_id uuid not null,
        primary key (id)
    )
Hibernate: 
    create table providers (
        id uuid not null,
        city varchar(255),
        state varchar(255),
        street varchar(255),
        zip varchar(255),
        created_at timestamp(6),
        email varchar(255),
        first_name varchar(255),
        is_active boolean not null,
        last_name varchar(255),
        license_number varchar(255),
        password_hash varchar(255),
        phone_number varchar(255),
        specialization varchar(255),
        updated_at timestamp(6),
        verification_status varchar(255) check (verification_status in ('PENDING','VERIFIED','REJECTED')),
        years_of_experience integer not null,
        primary key (id)
    )
Hibernate: 
    alter table if exists patients 
       drop constraint if exists UKa370hmxgv0l5c9panryr1ji7d
2025-08-08T12:35:14.462+05:30  WARN 397154 --- [           main] o.h.engine.jdbc.spi.SqlExceptionHelper   : SQL Warning Code: 0, SQLState: 00000
2025-08-08T12:35:14.462+05:30  WARN 397154 --- [           main] o.h.engine.jdbc.spi.SqlExceptionHelper   : constraint "uka370hmxgv0l5c9panryr1ji7d" of relation "patients" does not exist, skipping
Hibernate: 
    alter table if exists patients 
       add constraint UKa370hmxgv0l5c9panryr1ji7d unique (email)
Hibernate: 
    alter table if exists patients 
       drop constraint if exists UKdhhexfnfyq4jvvdlqibld2l5q
2025-08-08T12:35:14.466+05:30  WARN 397154 --- [           main] o.h.engine.jdbc.spi.SqlExceptionHelper   : SQL Warning Code: 0, SQLState: 00000
2025-08-08T12:35:14.466+05:30  WARN 397154 --- [           main] o.h.engine.jdbc.spi.SqlExceptionHelper   : constraint "ukdhhexfnfyq4jvvdlqibld2l5q" of relation "patients" does not exist, skipping
Hibernate: 
    alter table if exists patients 
       add constraint UKdhhexfnfyq4jvvdlqibld2l5q unique (phone_number)
Hibernate: 
    alter table if exists providers 
       drop constraint if exists UK7ant8u8y5lel5bd0d6hdexmde
2025-08-08T12:35:14.470+05:30  WARN 397154 --- [           main] o.h.engine.jdbc.spi.SqlExceptionHelper   : SQL Warning Code: 0, SQLState: 00000
2025-08-08T12:35:14.470+05:30  WARN 397154 --- [           main] o.h.engine.jdbc.spi.SqlExceptionHelper   : constraint "uk7ant8u8y5lel5bd0d6hdexmde" of relation "providers" does not exist, skipping
Hibernate: 
    alter table if exists providers 
       add constraint UK7ant8u8y5lel5bd0d6hdexmde unique (email)
Hibernate: 
    alter table if exists providers 
       drop constraint if exists UKlnuuw9hv6458uhrd920i7yad5
2025-08-08T12:35:14.474+05:30  WARN 397154 --- [           main] o.h.engine.jdbc.spi.SqlExceptionHelper   : SQL Warning Code: 0, SQLState: 00000
2025-08-08T12:35:14.474+05:30  WARN 397154 --- [           main] o.h.engine.jdbc.spi.SqlExceptionHelper   : constraint "uklnuuw9hv6458uhrd920i7yad5" of relation "providers" does not exist, skipping
Hibernate: 
    alter table if exists providers 
       add constraint UKlnuuw9hv6458uhrd920i7yad5 unique (phone_number)
Hibernate: 
    alter table if exists providers 
       drop constraint if exists UKltcgaied77j1axlkiexsgf4x8
2025-08-08T12:35:14.478+05:30  WARN 397154 --- [           main] o.h.engine.jdbc.spi.SqlExceptionHelper   : SQL Warning Code: 0, SQLState: 00000
2025-08-08T12:35:14.478+05:30  WARN 397154 --- [           main] o.h.engine.jdbc.spi.SqlExceptionHelper   : constraint "ukltcgaied77j1axlkiexsgf4x8" of relation "providers" does not exist, skipping
Hibernate: 
    alter table if exists providers 
       add constraint UKltcgaied77j1axlkiexsgf4x8 unique (license_number)
Hibernate: 
    alter table if exists patient_medical_history 
       add constraint FKh1h5vct3rhl2mei2663c58ykn 
       foreign key (patient_id) 
       references patients
Hibernate: 
    alter table if exists provider_availability 
       add constraint FKf63f5ogx2p3oj9lc53c6jlod7 
       foreign key (provider_id) 
       references providers
2025-08-08T12:35:14.486+05:30  INFO 397154 --- [           main] j.LocalContainerEntityManagerFactoryBean : Initialized JPA EntityManagerFactory for persistence unit 'default'
2025-08-08T12:35:15.057+05:30  WARN 397154 --- [           main] JpaBaseConfiguration$JpaWebConfiguration : spring.jpa.open-in-view is enabled by default. Therefore, database queries may be performed during view rendering. Explicitly configure spring.jpa.open-in-view to disable this warning
2025-08-08T12:35:15.593+05:30  WARN 397154 --- [           main] .s.s.UserDetailsServiceAutoConfiguration : 

Using generated security password: f87c050a-08ad-4d06-863a-8b2152a08ec6

This generated password is for development use only. Your security configuration must be updated before running your application in production.

2025-08-08T12:35:15.674+05:30  INFO 397154 --- [           main] o.s.b.a.e.web.EndpointLinksResolver      : Exposing 1 endpoint(s) beneath base path '/actuator'
2025-08-08T12:35:15.689+05:30  INFO 397154 --- [           main] o.s.s.web.DefaultSecurityFilterChain     : Will secure any request with [org.springframework.security.web.session.DisableEncodeUrlFilter@67629872, org.springframework.security.web.context.request.async.WebAsyncManagerIntegrationFilter@5d04adc1, org.springframework.security.web.context.SecurityContextHolderFilter@ece7204, org.springframework.security.web.header.HeaderWriterFilter@1b26f006, org.springframework.web.filter.CorsFilter@4c2812aa, org.springframework.security.web.csrf.CsrfFilter@3796ff4, org.springframework.security.web.authentication.logout.LogoutFilter@16ecdb6d, org.springframework.security.web.authentication.UsernamePasswordAuthenticationFilter@56d189d0, org.springframework.security.web.authentication.ui.DefaultLoginPageGeneratingFilter@67887bf2, org.springframework.security.web.authentication.ui.DefaultLogoutPageGeneratingFilter@346e76ad, org.springframework.security.web.authentication.www.BasicAuthenticationFilter@17f5b53a, org.springframework.security.web.savedrequest.RequestCacheAwareFilter@2c3df478, org.springframework.security.web.servletapi.SecurityContextHolderAwareRequestFilter@7f88c53, org.springframework.security.web.authentication.AnonymousAuthenticationFilter@47bcd95a, org.springframework.security.web.access.ExceptionTranslationFilter@219c10c2, org.springframework.security.web.access.intercept.AuthorizationFilter@1c74251b]
2025-08-08T12:35:15.793+05:30  INFO 397154 --- [           main] c.t.h.HealthFirstServerApplicationTests  : Started HealthFirstServerApplicationTests in 3.878 seconds (process running for 4.434)
]]></system-out>
  </testcase>
</testsuite>